{"name": "test_Credkart_registration_003", "status": "failed", "statusDetails": {"message": "AssertionError: User Registration Fail\nassert False", "trace": "self = <testcases.test_Credkart_User_Profile_001.Test_User_Profile object at 0x000001E15C57DE20>\n\n    @pytest.mark.smoke\n    @pytest.mark.flaky(reruns=1, rerun_delay=1)\n    #@pytest.mark.dependency(depends=[\"test_verify_Credkart_url_001\"])\n    @pytest.mark.order(3)\n    def test_Credkart_registration_003(self):\n        self.log.info(\"Testcase test_Credkart_login_002 is started\")\n        self.driver.get(self.registration_url)\n        self.log.info(f\"Opening browser and getting {self.registration_url}\")\n        fake_username = Faker().user_name()# New\n        fake_email = Faker().email()# New\n        self.log.info(f\"Generated fake data for username--> {fake_username} and email --> {fake_email}\")\n        password_data = \"Credence_user_101@123\"\n        self.rp = Registration_Page_Class(self.driver)\n        # Enter Username\n        self.log.info(f\"Entering the Username--> {fake_username}\")\n        self.rp.Enter_Name(fake_username)\n        # Enter Email\n        self.log.info(f\"Entering the Email--> {fake_email}\")\n        self.rp.Enter_Email(fake_email)\n        # Enter Password\n        self.log.info(\"Entering the Password\")\n        self.rp.Enter_Password(password_data)\n        # Enter Confirm Password\n        self.log.info(\"Entering the Confirm Password\")\n        self.rp.Enter_Confirm_Password(password_data)\n        # Click on register button\n        self.log.info(\"Clicking on register button\")\n        self.rp.Click_Login_Register_Button()\n    \n        if self.rp.verify_menu_button_visibility() == \"pass\":\n            self.log.info(f\"User registration successful and taking screenshot\")\n            self.driver.save_screenshot(f\".\\\\Screenshots\\\\User Registration Successful_{fake_username}.png\")\n            self.log.info(f\"Clicking on menu button\")\n            self.rp.Click_Menu_button()\n            self.log.info(f\"Clicking on logout button\")\n            self.rp.Click_Logout_button()\n        else:\n            self.log.info(f\"User registration fail and taking screenshot\")\n            self.driver.save_screenshot(f\".\\\\Screenshots\\\\User Registration Fail_{fake_username}.png\")\n>           assert False, \"User Registration Fail\"\nE           AssertionError: User Registration Fail\nE           assert False\n\ntestcases\\test_Credkart_User_Profile_001.py:163: AssertionError"}, "attachments": [{"name": "log", "source": "d0a09f92-6094-4dc0-bbce-5e10107cfd27-attachment.txt", "type": "text/plain"}], "start": 1769778640719, "stop": 1769778653911, "uuid": "bf3342da-dd85-463c-9fc3-8339f22c5d81", "historyId": "8ab4187dbce7ba6d912021affd772d2b", "testCaseId": "8ab4187dbce7ba6d912021affd772d2b", "fullName": "testcases.test_Credkart_User_Profile_001.Test_User_Profile#test_Credkart_registration_003", "labels": [{"name": "tag", "value": "smoke"}, {"name": "parentSuite", "value": "testcases"}, {"name": "suite", "value": "test_Credkart_User_Profile_001"}, {"name": "subSuite", "value": "Test_User_Profile"}, {"name": "host", "value": "DESKTOP-A1KUAMN"}, {"name": "thread", "value": "29844-MainThread"}, {"name": "framework", "value": "pytest"}, {"name": "language", "value": "cpython3"}, {"name": "package", "value": "testcases.test_Credkart_User_Profile_001"}], "titlePath": ["testcases", "test_Credkart_User_Profile_001.py", "Test_User_Profile"]}